<?xml version="1.0" encoding="UTF-8"?>
<!-- Generated by org.testng.reporters.JUnitReportReporter -->
<testsuite skipped="0" hostname="Veenas-MacBook-Pro-2.local" name="testNG.AmazonTestNG" tests="4" failures="0" timestamp="13 Mar 2018 09:04:53 GMT" time="12.618" errors="0">
  <testcase name="verifySearchItem" time="3.102" classname="testNG.AmazonTestNG"/>
  <testcase name="verifyFilterItem" time="3.720" classname="testNG.AmazonTestNG"/>
  <testcase name="verifyPrimeItem" time="2.337" classname="testNG.AmazonTestNG"/>
  <testcase name="verifySelectItem" time="3.459" classname="testNG.AmazonTestNG"/>
</testsuite> <!-- testNG.AmazonTestNG -->
