<?xml version="1.0" encoding="UTF-8"?>
<!-- Generated by org.testng.reporters.JUnitReportReporter -->
<testsuite skipped="0" hostname="Veenas-MacBook-Pro-2.local" name="testNG.AmazTestNG" tests="5" failures="0" timestamp="29 Mar 2018 20:51:48 GMT" time="17.963" errors="0">
  <testcase name="verifySearchItem" time="4.084" classname="testNG.AmazTestNG"/>
  <testcase name="verifyFilterItem" time="1.559" classname="testNG.AmazTestNG"/>
  <testcase name="verifyPrimeItem" time="2.138" classname="testNG.AmazTestNG"/>
  <testcase name="verifySelectItem" time="4.545" classname="testNG.AmazTestNG"/>
  <testcase name="verifyAddToBasket" time="5.637" classname="testNG.AmazTestNG"/>
</testsuite> <!-- testNG.AmazTestNG -->
