<?xml version="1.0" encoding="UTF-8"?>
<!-- Generated by org.testng.reporters.JUnitReportReporter -->
<testsuite skipped="0" hostname="Veenas-MacBook-Pro-2.local" name="testNG.TestNgTemplate" tests="2" failures="0" timestamp="12 Mar 2018 07:09:47 GMT" time="0.006" errors="0">
  <testcase name="f1" time="0.004" classname="testNG.TestNgTemplate"/>
  <testcase name="f2" time="0.002" classname="testNG.TestNgTemplate"/>
</testsuite> <!-- testNG.TestNgTemplate -->
